1569788304768:l
1569788316626:fB
1569788475875:l
1569788480737:fB
1569788542428:l
1569788545154:fB
1569788562267:cB
1569788576480:aB
1569788985623:l
1569788992671:aB
1569789023002:stacktrace
1569789072946:l
1569789076280:aB
1569789100823:stacktrace
1569790750508:l
1569790754532:aB
1569959395705:l
1569959403360:faB
1569959413561:stacktrace
1569959598518:l
1569959605044:faB
1569959616518:stacktrace
1569959680302:l
1569959682812:faB
1569959687717:stacktrace
1569959757787:l
1569959760558:faB
1569959823925:l
1569959827146:faB
1569960031236:l
1569960033799:faB
1569960134354:l
1569960136762:faB
1569960199204:stacktrace
1569992304297:l
1569992306750:faB
1569992384662:ะด
1569992387036:l
1569992390722:faB
1569992421605:fB
1569994865686:l
1569994870562:fB
1569995032680:l
1569995036356:faB
1569995040393:fB
1569995054093:aB
1570073375869:l
1570073379496:dB
1570373222930:l
1570373235851:faB
1570376962266:l
1570376966659:faB
1570376989647:aB
1570377034821:faB
1570506749605:l
1570506755018:fidB
1570506832588:stacktrace
1570507154360:l
1570507158171:fidB
1570507343359:l
1570507346097:faB
